#
# A fatal error has been detected by the Java Runtime Environment:
#
#  Internal Error (javaClasses.cpp:136), pid=11192, tid=9284
#  fatal error: Invalid layout of preloaded class
#
# JRE version:  (7.0_45-b18) (build )
# Java VM: Java HotSpot(TM) 64-Bit Server VM (24.45-b08 mixed mode windows-amd64 compressed oops)
# Failed to write core dump. Minidumps are not enabled by default on client versions of Windows
#
# If you would like to submit a bug report, please visit:
#   http://bugreport.sun.com/bugreport/crash.jsp
#

---------------  T H R E A D  ---------------

Current thread (0x0000000002240800):  JavaThread "Unknown thread" [_thread_in_vm, id=9284, stack(0x0000000001df0000,0x0000000001ef0000)]

Stack: [0x0000000001df0000,0x0000000001ef0000]

---------------  P R O C E S S  ---------------

Java Threads: ( => current thread )

Other Threads:

=>0x0000000002240800 (exited) JavaThread "Unknown thread" [_thread_in_vm, id=9284, stack(0x0000000001df0000,0x0000000001ef0000)]

VM state:not at safepoint (not fully initialized)

VM Mutex/Monitor currently owned by a thread: None

GC Heap History (0 events):
No events

Deoptimization events (0 events):
No events

Internal exceptions (0 events):
No events

Events (10 events):
Event: 0.021 loading class 0x0000000002284e20 done
Event: 0.021 loading class 0x0000000002284840 done
Event: 0.021 loading class 0x0000000002284820
Event: 0.021 loading class 0x000000000228c920
Event: 0.021 loading class 0x000000000228c920 done
Event: 0.021 loading class 0x000000000228c950
Event: 0.022 loading class 0x000000000228c950 done
Event: 0.022 loading class 0x000000000228c980
Event: 0.022 loading class 0x000000000228c980 done
Event: 0.022 loading class 0x0000000002284820 done


Dynamic libraries:
0x00007ff729ad0000 - 0x00007ff729b03000 	D:\Java\jre7\bin\javaw.exe
0x00007fff186f0000 - 0x00007fff18899000 	C:\WINDOWS\SYSTEM32\ntdll.dll
0x00007fff15fe0000 - 0x00007fff16119000 	C:\WINDOWS\system32\KERNEL32.DLL
0x00007fff15b40000 - 0x00007fff15c4f000 	C:\WINDOWS\system32\KERNELBASE.dll
0x00007fff146a0000 - 0x00007fff1472b000 	C:\WINDOWS\system32\apphelp.dll
0x00007fff0bc90000 - 0x00007fff0bcdf000 	C:\WINDOWS\AppPatch\AppPatch64\AcGenral.DLL
0x00007fff18510000 - 0x00007fff185b7000 	C:\WINDOWS\system32\msvcrt.dll
0x00007fff15a30000 - 0x00007fff15a5b000 	C:\WINDOWS\SYSTEM32\SspiCli.dll
0x00007fff16120000 - 0x00007fff16171000 	C:\WINDOWS\system32\SHLWAPI.dll
0x00007fff16350000 - 0x00007fff164c1000 	C:\WINDOWS\system32\USER32.dll
0x00007fff16730000 - 0x00007fff168a6000 	C:\WINDOWS\system32\ole32.dll
0x00007fff17100000 - 0x00007fff1850f000 	C:\WINDOWS\system32\SHELL32.dll
0x00007fff15100000 - 0x00007fff1511f000 	C:\WINDOWS\SYSTEM32\USERENV.dll
0x00007fff18640000 - 0x00007fff186e5000 	C:\WINDOWS\system32\ADVAPI32.dll
0x00007fff0b590000 - 0x00007fff0b5ab000 	C:\WINDOWS\SYSTEM32\MPR.dll
0x00007fff165f0000 - 0x00007fff16726000 	C:\WINDOWS\system32\RPCRT4.dll
0x00007fff16590000 - 0x00007fff165e7000 	C:\WINDOWS\SYSTEM32\sechost.dll
0x00007fff168b0000 - 0x00007fff16a87000 	C:\WINDOWS\SYSTEM32\combase.dll
0x00007fff16200000 - 0x00007fff16345000 	C:\WINDOWS\system32\GDI32.dll
0x00007fff15a70000 - 0x00007fff15a84000 	C:\WINDOWS\SYSTEM32\profapi.dll
0x00007fff140c0000 - 0x00007fff14161000 	C:\WINDOWS\SYSTEM32\SHCORE.dll
0x00007fff15f80000 - 0x00007fff15fb4000 	C:\WINDOWS\system32\IMM32.DLL
0x00007fff16e10000 - 0x00007fff16f48000 	C:\WINDOWS\system32\MSCTF.dll
0x00007fff13840000 - 0x00007fff13a9a000 	C:\WINDOWS\WinSxS\amd64_microsoft.windows.common-controls_6595b64144ccf1df_6.0.9600.16384_none_62475f7becb72503\COMCTL32.dll
0x00000000739a0000 - 0x0000000073a72000 	D:\Java\jre7\bin\msvcr100.dll
0x0000000072ea0000 - 0x0000000073669000 	D:\Java\jre7\bin\server\jvm.dll
0x00007fff0fe60000 - 0x00007fff0fe69000 	C:\WINDOWS\SYSTEM32\WSOCK32.dll
0x00007fff13610000 - 0x00007fff1362f000 	C:\WINDOWS\SYSTEM32\WINMM.dll
0x00007fff15fc0000 - 0x00007fff15fc7000 	C:\WINDOWS\system32\PSAPI.DLL
0x00007fff17000000 - 0x00007fff17058000 	C:\WINDOWS\system32\WS2_32.dll
0x00007fff135e0000 - 0x00007fff1360a000 	C:\WINDOWS\SYSTEM32\WINMMBASE.dll
0x00007fff161f0000 - 0x00007fff161f9000 	C:\WINDOWS\system32\NSI.dll
0x00007fff15ca0000 - 0x00007fff15cea000 	C:\WINDOWS\SYSTEM32\cfgmgr32.dll
0x00007fff14900000 - 0x00007fff14926000 	C:\WINDOWS\SYSTEM32\DEVOBJ.dll
0x0000000073990000 - 0x000000007399f000 	D:\Java\jre7\bin\verify.dll
0x0000000073960000 - 0x0000000073988000 	D:\Java\jre7\bin\java.dll
0x0000000073940000 - 0x0000000073955000 	D:\Java\jre7\bin\zip.dll

VM Arguments:
jvm_args: -Dfile.encoding=GBK -Xbootclasspath:D:\EXE\ADT-Bundle\adt-bundle-windows-x86_64-20131030\sdk\platforms\android-19\android.jar 
java_command: com.ancached.model.DatabaseHelper
Launcher Type: SUN_STANDARD

Environment Variables:
JAVA_HOME=D:\Java\jdk1.7.0_45
PATH=C:\Program Files (x86)\Intel\iCLS Client\;C:\Program Files\Intel\iCLS Client\;C:\Program Files (x86)\NVIDIA Corporation\PhysX\Common;C:\WINDOWS\system32;C:\WINDOWS;C:\WINDOWS\System32\Wbem;C:\WINDOWS\System32\WindowsPowerShell\v1.0\;C:\Program Files\Microsoft\Web Platform Installer\;C:\Program Files (x86)\Microsoft ASP.NET\ASP.NET Web Pages\v1.0\;C:\Program Files (x86)\Windows Kits\8.0\Windows Performance Toolkit\;C:\Program Files\Microsoft SQL Server\110\Tools\Binn\;D:\Java\jdk1.7.0_45\bin;D:\Program Files\TortoiseSVN\bin;C:\Program Files\Intel\Intel(R) Management Engine Components\DAL;C:\Program Files\Intel\Intel(R) Management Engine Components\IPT;C:\Program Files (x86)\Intel\Intel(R) Management Engine Components\DAL;C:\Program Files (x86)\Intel\Intel(R) Management Engine Components\IPT;D:\Program Files (x86)\Git\cmd
USERNAME=martji
OS=Windows_NT
PROCESSOR_IDENTIFIER=Intel64 Family 6 Model 60 Stepping 3, GenuineIntel



---------------  S Y S T E M  ---------------

OS: Windows 8 , 64 bit Build 9200 

CPU:total 4 (4 cores per cpu, 1 threads per core) family 6 model 60 stepping 3, cmov, cx8, fxsr, mmx, sse, sse2, sse3, ssse3, sse4.1, sse4.2, popcnt, avx, avx2, aes, erms, tsc, tscinvbit

Memory: 4k page, physical 8312028k(4776156k free), swap 16700636k(9814780k free)

vm_info: Java HotSpot(TM) 64-Bit Server VM (24.45-b08) for windows-amd64 JRE (1.7.0_45-b18), built on Oct  8 2013 05:47:22 by "java_re" with unknown MS VC++:1600

time: Tue Mar 11 22:07:19 2014
elapsed time: 0 seconds

